<?xml version="1.0" encoding="UTF-8"?>
<testng-results ignored="0" total="1" passed="1" failed="0" skipped="0">
  <reporter-output>
  </reporter-output>
  <suite started-at="2022-09-20T09:41:02 CST" name="cam.rgd.dempTest" finished-at="2022-09-20T09:41:02 CST" duration-ms="24">
    <groups>
    </groups>
    <test started-at="2022-09-20T09:41:02 CST" name="Command line test" finished-at="2022-09-20T09:41:02 CST" duration-ms="24">
      <class name="cam.rgd.dempTest">
        <test-method signature="testSay()[pri:0, instance:cam.rgd.dempTest@4e41089d]" started-at="2022-09-20T09:41:02 CST" name="testSay" finished-at="2022-09-20T09:41:02 CST" duration-ms="5" status="PASS">
          <reporter-output>
          </reporter-output>
        </test-method> <!-- testSay -->
      </class> <!-- cam.rgd.dempTest -->
    </test> <!-- Command line test -->
  </suite> <!-- cam.rgd.dempTest -->
</testng-results>
